<?xml version="1.0" encoding="utf-8"?><testsuites name="pytest tests"><testsuite name="pytest" errors="0" failures="0" skipped="0" tests="7" time="2.653" timestamp="2026-07-22T13:35:49.707974+00:00" hostname="agent-env-43c94403-36d9-4304-833e-9f25457cb75e"><testcase classname="tests.backend_test.TestPaymentsNewFields" name="test_create_custom_payment_with_sent_to" time="0.908" /><testcase classname="tests.backend_test.TestTenantRentHistoryAndDues" name="test_get_tenant_has_empty_rent_history_and_dues" time="0.830" /><testcase classname="tests.backend_test.TestTenantRentHistoryAndDues" name="test_rent_change_appends_history" time="0.776" /><testcase classname="tests.backend_test.TestPaymentsNewFields" name="test_deposit_payment_syncs_is_deposit" time="0.355" /><testcase classname="tests.backend_test.TestPaymentsNewFields" name="test_monthly_payment_default" time="0.448" /><testcase classname="tests.backend_test.TestTenantRentHistoryAndDues" name="test_dues_note_patch" time="0.466" /><testcase classname="tests.backend_test.TestTenantRentHistoryAndDues" name="test_dues_note_404" time="0.205" /></testsuite></testsuites>